{"file":"main.go:21","func":"main.main()","level":"fatal","msg":"Error init postgre: ERROR: sql: unknown driver \"postgres\" (forgotten import?)","time":"2022-07-18 18:54:33"}
{"file":"chat.go:39","func":"github.com/pavel/message_service/pkg/repository.ChatPostgreSQL.CreatePrivate()","level":"fatal","msg":"Transaction error: pq: relation \"chats\" does not exist","time":"2022-07-18 18:55:46"}
{"file":"chat.go:39","func":"github.com/pavel/message_service/pkg/repository.ChatPostgreSQL.CreatePrivate()","level":"fatal","msg":"Transaction error: pq: column \"title\" of relation \"chats\" does not exist","time":"2022-07-18 18:59:14"}
{"file":"chat.go:39","func":"github.com/pavel/message_service/pkg/repository.ChatPostgreSQL.CreatePrivate()","level":"fatal","msg":"Transaction error: pq: date/time field value out of range: \"22-07-18 18:59:57\"","time":"2022-07-18 18:59:57"}
{"file":"chat.go:47","func":"github.com/pavel/message_service/pkg/repository.ChatPostgreSQL.CreatePrivate()","level":"fatal","msg":"Scan error: sql: Scan called without calling Next","time":"2022-07-18 19:03:11"}
{"file":"chat.go:72","func":"github.com/pavel/message_service/pkg/repository.ChatPostgreSQL.CreatePrivate()","level":"fatal","msg":"labels_chats insert error: sql: converting argument $1 type: unsupported type []interface {}, a slice of interface","time":"2022-07-18 20:18:46"}
{"file":"chat.go:72","func":"github.com/pavel/message_service/pkg/repository.ChatPostgreSQL.CreatePrivate()","level":"fatal","msg":"labels_chats insert error: pq: unexpected Parse response 'C'","time":"2022-07-18 20:18:59"}
{"file":"chat.go:73","func":"github.com/pavel/message_service/pkg/repository.ChatPostgreSQL.CreatePrivate()","level":"fatal","msg":"labels_chats insert error: pq: unexpected Parse response 'C'","time":"2022-07-18 20:19:34"}
{"file":"chat.go:74","func":"github.com/pavel/message_service/pkg/repository.ChatPostgreSQL.CreatePrivate()","level":"fatal","msg":"labels_chats insert error: pq: unexpected Parse response 'C'","time":"2022-07-18 20:21:07"}
{"file":"chat.go:74","func":"github.com/pavel/message_service/pkg/repository.ChatPostgreSQL.CreatePrivate()","level":"fatal","msg":"labels_chats insert error: pq: unexpected Parse response 'C'","time":"2022-07-18 20:23:09"}
{"file":"chat.go:74","func":"github.com/pavel/message_service/pkg/repository.ChatPostgreSQL.CreatePrivate()","level":"fatal","msg":"labels_chats insert error: pq: unexpected Parse response 'C'","time":"2022-07-18 20:23:24"}
{"file":"chat.go:74","func":"github.com/pavel/message_service/pkg/repository.ChatPostgreSQL.CreatePrivate()","level":"fatal","msg":"labels_chats insert error: pq: unexpected Parse response 'C'","time":"2022-07-18 20:23:41"}
{"file":"chat.go:74","func":"github.com/pavel/message_service/pkg/repository.ChatPostgreSQL.CreatePrivate()","level":"fatal","msg":"labels_chats insert error: pq: unexpected Parse response 'C'","time":"2022-07-18 20:24:20"}
{"file":"chat.go:74","func":"github.com/pavel/message_service/pkg/repository.ChatPostgreSQL.CreatePrivate()","level":"fatal","msg":"labels_chats insert error: pq: unexpected Parse response 'C'","time":"2022-07-18 20:24:30"}
{"file":"chat.go:74","func":"github.com/pavel/message_service/pkg/repository.ChatPostgreSQL.CreatePrivate()","level":"fatal","msg":"labels_chats insert error: pq: unexpected Parse response 'C'","time":"2022-07-18 20:29:56"}
{"file":"chat.go:74","func":"github.com/pavel/message_service/pkg/repository.ChatPostgreSQL.CreatePrivate()","level":"fatal","msg":"labels_chats insert error: pq: unexpected Parse response 'C'","time":"2022-07-18 20:30:14"}
{"file":"chat.go:75","func":"github.com/pavel/message_service/pkg/repository.ChatPostgreSQL.CreatePrivate()","level":"fatal","msg":"labels_chats insert error: pq: syntax error at or near \"RETURNING\"","time":"2022-07-18 20:31:08"}
{"file":"chat.go:75","func":"github.com/pavel/message_service/pkg/repository.ChatPostgreSQL.CreatePrivate()","level":"fatal","msg":"labels_chats insert error: pq: could not determine data type of parameter $3","time":"2022-07-18 20:31:29"}
{"file":"chat.go:75","func":"github.com/pavel/message_service/pkg/repository.ChatPostgreSQL.CreatePrivate()","level":"fatal","msg":"labels_chats insert error: pq: could not determine data type of parameter $3","time":"2022-07-18 20:31:39"}
{"file":"chat.go:67","func":"github.com/pavel/message_service/pkg/repository.ChatPostgreSQL.CreatePrivate()","level":"fatal","msg":"labels_chats insert error: pq: syntax error at or near \"INSERT\"","time":"2022-07-18 20:46:56"}
{"file":"chat.go:68","func":"github.com/pavel/message_service/pkg/repository.ChatPostgreSQL.CreatePrivate()","level":"fatal","msg":"labels_chats insert error: pq: syntax error at or near \"INSERT\"","time":"2022-07-18 21:13:44"}
{"file":"chat.go:69","func":"github.com/pavel/message_service/pkg/repository.ChatPostgreSQL.CreatePrivate()","level":"fatal","msg":"labels_chats insert error: pq: syntax error at or near \"INSERT\"","time":"2022-07-18 21:15:28"}
{"file":"chat.go:74","func":"github.com/pavel/message_service/pkg/repository.(*ChatPostgreSQL).insertRelationToChat()","level":"fatal","msg":"users_chats insert error: pq: column \"f$2\" does not exist","time":"2022-07-18 21:37:53"}
{"file":"main.go:39","func":"main.main()","level":"fatal","msg":"listen tcp :10000: bind: address already in use","time":"2022-07-23 15:41:06"}
{"file":"message.go:64","func":"github.com/pavel/message_service/pkg/repository.MessagePostgreSQL.CreateChatMessage()","level":"fatal","msg":"messages_chats insert error: pq: insert or update on table \"messages_chats\" violates foreign key constraint \"fk_chat_id\"","time":"2022-07-24 15:28:09"}
{"file":"main.go:25","func":"main.main()","level":"warning","msg":"Error init postgre: ERROR: dial tcp: lookup message_service_postgres_db: Temporary failure in name resolution","time":"2022-07-29 10:32:39"}
