{"file":"main.go:30","func":"main.main()","level":"fatal","msg":"Error init net listener: ERROR: listen tcp: lookup user_service: Temporary failure in name resolution","time":"2022-07-12 20:38:32"}
{"file":"main.go:35","func":"main.main()","level":"fatal","msg":"Error init net listener: ERROR: listen tcp 172.26.0.3:10000: bind: address already in use","time":"2022-07-12 17:55:11"}
{"file":"main.go:27","func":"main.main()","level":"fatal","msg":"Error init postgres db: CONFIG: {postgres 5432 user_service_postgres_db pass admin friendly_chat_user_service disable user_service_redis_db:6379} ERROR: sql: unknown driver \"postgres\" (forgotten import?)","time":"2022-07-12 19:10:15"}
{"file":"main.go:40","func":"main.main()","level":"fatal","msg":"Error init net listener: ERROR: listen tcp: lookup user_service: Temporary failure in name resolution","time":"2022-07-12 22:15:25"}
{"file":"main.go:40","func":"main.main()","level":"fatal","msg":"Error init net listener: ERROR: listen tcp: lookup user_service: Temporary failure in name resolution","time":"2022-07-13 08:18:13"}
{"file":"main.go:27","func":"main.main()","level":"fatal","msg":"Error init postgres db: CONFIG: {postgres 5432 user_service_postgres_db pass admin friendly_chat_user_service disable user_service_redis_db:6379} ERROR: sql: unknown driver \"postgres\" (forgotten import?)","time":"2022-07-13 05:33:00"}
{"file":"main.go:27","func":"main.main()","level":"fatal","msg":"Error init postgres db: CONFIG: {postgres 5432 user_service_postgres_db pass admin friendly_chat_user_service disable user_service_redis_db:6379} ERROR: sql: unknown driver \"postgres\" (forgotten import?)","time":"2022-07-13 05:34:05"}
{"file":"main.go:27","func":"main.main()","level":"fatal","msg":"Error init postgres db: CONFIG: {postgres 5432 user_service_postgres_db pass admin friendly_chat_user_service disable user_service_redis_db:6379} ERROR: sql: unknown driver \"postgres\" (forgotten import?)","time":"2022-07-13 05:34:53"}
{"file":"main.go:28","func":"main.main()","level":"fatal","msg":"Error init postgres db: CONFIG: {postgres 5432 user_service_postgres_db pass admin friendly_chat_user_service disable user_service_redis_db:6379} ERROR: dial tcp: lookup user_service_postgres_db: Temporary failure in name resolution","time":"2022-07-13 10:11:59"}
{"file":"main.go:28","func":"main.main()","level":"fatal","msg":"Error init postgres db: CONFIG: {postgres 5432 user_service_postgres_db pass admin friendly_chat_user_service disable user_service_redis_db:6379} ERROR: dial tcp: lookup user_service_postgres_db: Temporary failure in name resolution","time":"2022-07-13 11:05:39"}
{"file":"main.go:28","func":"main.main()","level":"fatal","msg":"Error init postgres db: CONFIG: {postgres 5432 user_service_postgres_db pass admin friendly_chat_user_service disable user_service_redis_db:6379} ERROR: dial tcp: lookup user_service_postgres_db: Temporary failure in name resolution","time":"2022-07-13 11:11:45"}
{"file":"main.go:32","func":"main.main()","level":"fatal","msg":"Error init postgres db: CONFIG: {postgres 5433 localhost pass admin friendly_chat_user_service disable user_service_redis_db:6379} ERROR: dial tcp: lookup user_service_redis_db: Temporary failure in name resolution","time":"2022-07-13 11:12:16"}
{"file":"user.go:32","func":"github.com/pavel/user_service/pkg/repository.UserPostgres.All()","level":"fatal","msg":"Bad sql request: err pq: could not determine data type of parameter $1","time":"2022-07-23 10:55:26"}
{"file":"user.go:32","func":"github.com/pavel/user_service/pkg/repository.UserPostgres.All()","level":"fatal","msg":"Bad sql request: err pq: could not determine data type of parameter $1","time":"2022-07-23 10:55:50"}
{"file":"user.go:33","func":"github.com/pavel/user_service/pkg/repository.UserPostgres.All()","level":"fatal","msg":"Bad sql request: err pq: could not determine data type of parameter $1","time":"2022-07-23 10:56:57"}
{"file":"user.go:33","func":"github.com/pavel/user_service/pkg/repository.UserPostgres.All()","level":"fatal","msg":"Bad sql request: err pq: could not determine data type of parameter $1","time":"2022-07-23 10:57:34"}
{"file":"user.go:40","func":"github.com/pavel/user_service/pkg/repository.UserPostgres.All()","level":"fatal","msg":"Can't scan struct: err must pass a pointer, not a value, to StructScan destination","time":"2022-07-23 10:58:09"}
{"file":"user.go:40","func":"github.com/pavel/user_service/pkg/repository.UserPostgres.All()","level":"fatal","msg":"Can't scan struct: err must pass a pointer, not a value, to StructScan destination","time":"2022-07-23 10:58:48"}
{"file":"main.go:57","func":"main.main()","level":"fatal","msg":"Error init net listener: ERROR: listen tcp :10000: bind: address already in use","time":"2022-07-23 16:02:10"}
{"file":"main.go:67","func":"main.main()","level":"fatal","msg":"Error init net listener: ERROR: listen tcp :10000: bind: address already in use","time":"2022-07-23 16:16:57"}
{"file":"main.go:67","func":"main.main()","level":"fatal","msg":"Error init net listener: ERROR: listen tcp :10000: bind: address already in use","time":"2022-07-23 16:17:03"}
{"file":"main.go:67","func":"main.main()","level":"fatal","msg":"Error init net listener: ERROR: listen tcp :10100: bind: address already in use","time":"2022-07-23 16:18:43"}
{"file":"main.go:63","func":"main.main()","level":"fatal","msg":"Error init grpc server: listen tcp :10000: bind: address already in use","time":"2022-07-23 19:52:46"}
{"file":"auth.go:92","func":"github.com/pavel/user_service/pkg/repository.AuthRepo.CreateUser()","level":"error","msg":"user with this username address already exists","time":"2022-07-24 20:35:28"}
{"file":"auth.go:73","func":"github.com/pavel/user_service/pkg/repository.AuthRepo.GetUserIdFromToken()","level":"error","msg":"redis: nil","time":"2022-07-24 20:40:25"}
